<?xml version="1.0" encoding="UTF-8"?>
<!-- Generated by org.testng.reporters.JUnitXMLReporter -->
<testsuite ignored="4" hostname="AZ-HYD-LPT-04" failures="1" tests="4" name="Customer_ListPage_ActionsDesign_Sprint_1_803168.TC_003" time="40.65" errors="0" timestamp="2024-04-04T08:41:50 IST">
  <testcase classname="Customer_ListPage_ActionsDesign_Sprint_1_803168.TC_001" name="login" time="5.088"/>
  <testcase classname="Customer_ListPage_ActionsDesign_Sprint_1_803168.TC_001" name="customer_Page" time="1.03"/>
  <testcase classname="Customer_ListPage_ActionsDesign_Sprint_1_803168.TC_001" name="action_Button" time="4.178"/>
  <testcase classname="Customer_ListPage_ActionsDesign_Sprint_1_803168.TC_003" name="customer_Actions_List" time="26.495">
    <failure type="java.lang.AssertionError" message="The following asserts failed:
	expected [Stores] but found [Location],
	expected [Study Types] but found [Sub Type],
	expected [Surveys] but found [Survey]">
      <![CDATA[java.lang.AssertionError: The following asserts failed:
expected [Stores] but found [Location],
expected [Study Types] but found [Sub Type],
expected [Surveys] but found [Survey]
at Customer_ListPage_ActionsDesign_Sprint_1_803168.TC_003.customer_Actions_List(TC_003.java:44)
at java.base/java.util.ArrayList.forEach(ArrayList.java:1596)
... Removed 27 stack frames]]>
    </failure>
  </testcase> <!-- customer_Actions_List -->
  <testcase classname="Utilities.BaseClass" name="@BeforeSuite extendsReportsInstantiation" time="0.0">
    <ignored/>
  </testcase> <!-- @BeforeSuite extendsReportsInstantiation -->
  <testcase classname="Utilities.BaseClass" name="@BeforeTest browserInstantiation" time="0.0">
    <ignored/>
  </testcase> <!-- @BeforeTest browserInstantiation -->
  <testcase classname="Utilities.BaseClass" name="@AfterTest closeBrowser" time="0.0">
    <ignored/>
  </testcase> <!-- @AfterTest closeBrowser -->
  <testcase classname="Utilities.BaseClass" name="@AfterSuite generateExtentReports" time="0.0">
    <ignored/>
  </testcase> <!-- @AfterSuite generateExtentReports -->
</testsuite> <!-- Customer_ListPage_ActionsDesign_Sprint_1_803168.TC_003 -->
